2023-11-13 08:10:38.971 INFO  [restartedMain] [com.shop.ShopApplication] - Starting ShopApplication using Java 17.0.7 on FULL8-000 with PID 18140 (D:\kim\pro05\shop\build\classes\java\main started by user in D:\kim\pro05\shop)
2023-11-13 08:10:38.970 INFO  [background-preinit] [o.h.validator.internal.util.Version] - HV000001: Hibernate Validator 6.2.5.Final
2023-11-13 08:10:38.973 INFO  [restartedMain] [com.shop.ShopApplication] - No active profile set, falling back to 1 default profile: "default"
2023-11-13 08:10:39.101 INFO  [restartedMain] [o.s.b.d.e.DevToolsPropertyDefaultsPostProcessor] - Devtools property defaults active! Set 'spring.devtools.add-properties' to 'false' to disable
2023-11-13 08:10:39.101 INFO  [restartedMain] [o.s.b.d.e.DevToolsPropertyDefaultsPostProcessor] - For additional web related logging consider setting the 'logging.level.web' property to 'DEBUG'
2023-11-13 08:10:39.687 INFO  [restartedMain] [o.s.b.w.embedded.tomcat.TomcatWebServer] - Tomcat initialized with port(s): 8085 (http)
2023-11-13 08:10:39.691 INFO  [restartedMain] [o.apache.coyote.http11.Http11NioProtocol] - Initializing ProtocolHandler ["http-nio-8085"]
2023-11-13 08:10:39.692 INFO  [restartedMain] [org.apache.catalina.core.StandardService] - Starting service [Tomcat]
2023-11-13 08:10:39.692 INFO  [restartedMain] [org.apache.catalina.core.StandardEngine] - Starting Servlet engine: [Apache Tomcat/9.0.82]
2023-11-13 08:10:39.724 INFO  [restartedMain] [o.a.c.c.C.[Tomcat].[localhost].[/]] - Initializing Spring embedded WebApplicationContext
2023-11-13 08:10:39.725 INFO  [restartedMain] [o.s.b.w.s.c.ServletWebServerApplicationContext] - Root WebApplicationContext: initialization completed in 622 ms
2023-11-13 08:10:39.962 INFO  [restartedMain] [o.s.s.web.DefaultSecurityFilterChain] - Will secure any request with [org.springframework.security.web.session.DisableEncodeUrlFilter@e2398a1, org.springframework.security.web.context.request.async.WebAsyncManagerIntegrationFilter@b0af21a, org.springframework.security.web.context.SecurityContextPersistenceFilter@7f4535bd, org.springframework.security.web.header.HeaderWriterFilter@3c6d1df0, org.springframework.security.web.authentication.logout.LogoutFilter@37c6d79c, org.springframework.security.web.authentication.UsernamePasswordAuthenticationFilter@2a3f563, org.springframework.security.web.savedrequest.RequestCacheAwareFilter@1309372, org.springframework.security.web.servletapi.SecurityContextHolderAwareRequestFilter@6ac29ce9, org.springframework.security.web.authentication.AnonymousAuthenticationFilter@5cb50444, org.springframework.security.web.session.SessionManagementFilter@2dab89af, org.springframework.security.web.access.ExceptionTranslationFilter@7b736de2, org.springframework.security.web.access.intercept.FilterSecurityInterceptor@1436154b]
2023-11-13 08:10:40.041 INFO  [restartedMain] [o.s.b.a.w.s.WelcomePageHandlerMapping] - Adding welcome page template: index
2023-11-13 08:10:40.141 INFO  [restartedMain] [o.s.b.d.a.OptionalLiveReloadServer] - LiveReload server is running on port 35729
2023-11-13 08:10:40.150 INFO  [restartedMain] [o.apache.coyote.http11.Http11NioProtocol] - Starting ProtocolHandler ["http-nio-8085"]
2023-11-13 08:10:40.160 INFO  [restartedMain] [o.s.b.w.embedded.tomcat.TomcatWebServer] - Tomcat started on port(s): 8085 (http) with context path ''
2023-11-13 08:10:40.166 INFO  [restartedMain] [com.shop.ShopApplication] - Started ShopApplication in 1.357 seconds (JVM running for 1.729)
2023-11-13 08:10:45.735 INFO  [http-nio-8085-exec-1] [o.a.c.c.C.[Tomcat].[localhost].[/]] - Initializing Spring DispatcherServlet 'dispatcherServlet'
2023-11-13 08:10:45.735 INFO  [http-nio-8085-exec-1] [o.s.web.servlet.DispatcherServlet] - Initializing Servlet 'dispatcherServlet'
2023-11-13 08:10:45.736 INFO  [http-nio-8085-exec-1] [o.s.web.servlet.DispatcherServlet] - Completed initialization in 1 ms
2023-11-13 08:10:57.480 INFO  [http-nio-8085-exec-5] [com.zaxxer.hikari.HikariDataSource] - HikariPool-1 - Starting...
2023-11-13 08:10:57.540 INFO  [http-nio-8085-exec-5] [com.zaxxer.hikari.HikariDataSource] - HikariPool-1 - Start completed.
2023-11-13 08:15:40.268 INFO  [SpringApplicationShutdownHook] [com.zaxxer.hikari.HikariDataSource] - HikariPool-1 - Shutdown initiated...
2023-11-13 08:15:40.272 INFO  [SpringApplicationShutdownHook] [com.zaxxer.hikari.HikariDataSource] - HikariPool-1 - Shutdown completed.
2023-11-13 08:15:43.409 INFO  [background-preinit] [o.h.validator.internal.util.Version] - HV000001: Hibernate Validator 6.2.5.Final
2023-11-13 08:15:43.412 INFO  [restartedMain] [com.shop.ShopApplication] - Starting ShopApplication using Java 17.0.7 on FULL8-000 with PID 6320 (D:\kim\pro05\shop\build\classes\java\main started by user in D:\kim\pro05\shop)
2023-11-13 08:15:43.413 INFO  [restartedMain] [com.shop.ShopApplication] - No active profile set, falling back to 1 default profile: "default"
2023-11-13 08:15:43.548 INFO  [restartedMain] [o.s.b.d.e.DevToolsPropertyDefaultsPostProcessor] - Devtools property defaults active! Set 'spring.devtools.add-properties' to 'false' to disable
2023-11-13 08:15:43.548 INFO  [restartedMain] [o.s.b.d.e.DevToolsPropertyDefaultsPostProcessor] - For additional web related logging consider setting the 'logging.level.web' property to 'DEBUG'
2023-11-13 08:15:44.132 INFO  [restartedMain] [o.s.b.w.embedded.tomcat.TomcatWebServer] - Tomcat initialized with port(s): 8085 (http)
2023-11-13 08:15:44.137 INFO  [restartedMain] [o.apache.coyote.http11.Http11NioProtocol] - Initializing ProtocolHandler ["http-nio-8085"]
2023-11-13 08:15:44.138 INFO  [restartedMain] [org.apache.catalina.core.StandardService] - Starting service [Tomcat]
2023-11-13 08:15:44.138 INFO  [restartedMain] [org.apache.catalina.core.StandardEngine] - Starting Servlet engine: [Apache Tomcat/9.0.82]
2023-11-13 08:15:44.173 INFO  [restartedMain] [o.a.c.c.C.[Tomcat].[localhost].[/]] - Initializing Spring embedded WebApplicationContext
2023-11-13 08:15:44.173 INFO  [restartedMain] [o.s.b.w.s.c.ServletWebServerApplicationContext] - Root WebApplicationContext: initialization completed in 625 ms
2023-11-13 08:15:44.427 INFO  [restartedMain] [o.s.s.web.DefaultSecurityFilterChain] - Will secure any request with [org.springframework.security.web.session.DisableEncodeUrlFilter@a2a046a, org.springframework.security.web.context.request.async.WebAsyncManagerIntegrationFilter@3aad626e, org.springframework.security.web.context.SecurityContextPersistenceFilter@77105d50, org.springframework.security.web.header.HeaderWriterFilter@1b614438, org.springframework.security.web.authentication.logout.LogoutFilter@1531a126, org.springframework.security.web.authentication.UsernamePasswordAuthenticationFilter@57438192, org.springframework.security.web.savedrequest.RequestCacheAwareFilter@525f1954, org.springframework.security.web.servletapi.SecurityContextHolderAwareRequestFilter@148b0401, org.springframework.security.web.authentication.AnonymousAuthenticationFilter@525f8794, org.springframework.security.web.session.SessionManagementFilter@1e8c443d, org.springframework.security.web.access.ExceptionTranslationFilter@225d81ad, org.springframework.security.web.access.intercept.FilterSecurityInterceptor@678e79b9]
2023-11-13 08:15:44.515 INFO  [restartedMain] [o.s.b.a.w.s.WelcomePageHandlerMapping] - Adding welcome page template: index
2023-11-13 08:15:44.618 INFO  [restartedMain] [o.s.b.d.a.OptionalLiveReloadServer] - LiveReload server is running on port 35729
2023-11-13 08:15:44.627 INFO  [restartedMain] [o.apache.coyote.http11.Http11NioProtocol] - Starting ProtocolHandler ["http-nio-8085"]
2023-11-13 08:15:44.638 INFO  [restartedMain] [o.s.b.w.embedded.tomcat.TomcatWebServer] - Tomcat started on port(s): 8085 (http) with context path ''
2023-11-13 08:15:44.643 INFO  [restartedMain] [com.shop.ShopApplication] - Started ShopApplication in 1.395 seconds (JVM running for 1.757)
2023-11-13 08:15:51.021 INFO  [http-nio-8085-exec-1] [o.a.c.c.C.[Tomcat].[localhost].[/]] - Initializing Spring DispatcherServlet 'dispatcherServlet'
2023-11-13 08:15:51.021 INFO  [http-nio-8085-exec-1] [o.s.web.servlet.DispatcherServlet] - Initializing Servlet 'dispatcherServlet'
2023-11-13 08:15:51.021 INFO  [http-nio-8085-exec-1] [o.s.web.servlet.DispatcherServlet] - Completed initialization in 0 ms
2023-11-13 08:15:58.808 INFO  [http-nio-8085-exec-8] [com.zaxxer.hikari.HikariDataSource] - HikariPool-1 - Starting...
2023-11-13 08:15:58.863 INFO  [http-nio-8085-exec-8] [com.zaxxer.hikari.HikariDataSource] - HikariPool-1 - Start completed.
2023-11-13 08:16:41.512 INFO  [SpringApplicationShutdownHook] [com.zaxxer.hikari.HikariDataSource] - HikariPool-1 - Shutdown initiated...
2023-11-13 08:16:41.514 INFO  [SpringApplicationShutdownHook] [com.zaxxer.hikari.HikariDataSource] - HikariPool-1 - Shutdown completed.
2023-11-13 08:16:44.323 INFO  [background-preinit] [o.h.validator.internal.util.Version] - HV000001: Hibernate Validator 6.2.5.Final
2023-11-13 08:16:44.325 INFO  [restartedMain] [com.shop.ShopApplication] - Starting ShopApplication using Java 17.0.7 on FULL8-000 with PID 7320 (D:\kim\pro05\shop\build\classes\java\main started by user in D:\kim\pro05\shop)
2023-11-13 08:16:44.326 INFO  [restartedMain] [com.shop.ShopApplication] - No active profile set, falling back to 1 default profile: "default"
2023-11-13 08:16:44.461 INFO  [restartedMain] [o.s.b.d.e.DevToolsPropertyDefaultsPostProcessor] - Devtools property defaults active! Set 'spring.devtools.add-properties' to 'false' to disable
2023-11-13 08:16:44.462 INFO  [restartedMain] [o.s.b.d.e.DevToolsPropertyDefaultsPostProcessor] - For additional web related logging consider setting the 'logging.level.web' property to 'DEBUG'
2023-11-13 08:16:45.055 INFO  [restartedMain] [o.s.b.w.embedded.tomcat.TomcatWebServer] - Tomcat initialized with port(s): 8085 (http)
2023-11-13 08:16:45.060 INFO  [restartedMain] [o.apache.coyote.http11.Http11NioProtocol] - Initializing ProtocolHandler ["http-nio-8085"]
2023-11-13 08:16:45.061 INFO  [restartedMain] [org.apache.catalina.core.StandardService] - Starting service [Tomcat]
2023-11-13 08:16:45.061 INFO  [restartedMain] [org.apache.catalina.core.StandardEngine] - Starting Servlet engine: [Apache Tomcat/9.0.82]
2023-11-13 08:16:45.097 INFO  [restartedMain] [o.a.c.c.C.[Tomcat].[localhost].[/]] - Initializing Spring embedded WebApplicationContext
2023-11-13 08:16:45.097 INFO  [restartedMain] [o.s.b.w.s.c.ServletWebServerApplicationContext] - Root WebApplicationContext: initialization completed in 635 ms
2023-11-13 08:16:45.357 INFO  [restartedMain] [o.s.s.web.DefaultSecurityFilterChain] - Will secure any request with [org.springframework.security.web.session.DisableEncodeUrlFilter@69f73098, org.springframework.security.web.context.request.async.WebAsyncManagerIntegrationFilter@69688f71, org.springframework.security.web.context.SecurityContextPersistenceFilter@4a6a07b3, org.springframework.security.web.header.HeaderWriterFilter@bc15223, org.springframework.security.web.authentication.logout.LogoutFilter@38729617, org.springframework.security.web.authentication.UsernamePasswordAuthenticationFilter@51619bc7, org.springframework.security.web.savedrequest.RequestCacheAwareFilter@46416cf6, org.springframework.security.web.servletapi.SecurityContextHolderAwareRequestFilter@f679c7d, org.springframework.security.web.authentication.AnonymousAuthenticationFilter@678e79b9, org.springframework.security.web.session.SessionManagementFilter@148b0401, org.springframework.security.web.access.ExceptionTranslationFilter@30fecd8b, org.springframework.security.web.access.intercept.FilterSecurityInterceptor@69e39614]
2023-11-13 08:16:45.440 INFO  [restartedMain] [o.s.b.a.w.s.WelcomePageHandlerMapping] - Adding welcome page template: index
2023-11-13 08:16:45.546 INFO  [restartedMain] [o.s.b.d.a.OptionalLiveReloadServer] - LiveReload server is running on port 35729
2023-11-13 08:16:45.556 INFO  [restartedMain] [o.apache.coyote.http11.Http11NioProtocol] - Starting ProtocolHandler ["http-nio-8085"]
2023-11-13 08:16:45.567 INFO  [restartedMain] [o.s.b.w.embedded.tomcat.TomcatWebServer] - Tomcat started on port(s): 8085 (http) with context path ''
2023-11-13 08:16:45.574 INFO  [restartedMain] [com.shop.ShopApplication] - Started ShopApplication in 1.418 seconds (JVM running for 1.781)
2023-11-13 08:16:51.531 INFO  [http-nio-8085-exec-1] [o.a.c.c.C.[Tomcat].[localhost].[/]] - Initializing Spring DispatcherServlet 'dispatcherServlet'
2023-11-13 08:16:51.531 INFO  [http-nio-8085-exec-1] [o.s.web.servlet.DispatcherServlet] - Initializing Servlet 'dispatcherServlet'
2023-11-13 08:16:51.532 INFO  [http-nio-8085-exec-1] [o.s.web.servlet.DispatcherServlet] - Completed initialization in 0 ms
2023-11-13 08:16:51.553 INFO  [http-nio-8085-exec-1] [com.zaxxer.hikari.HikariDataSource] - HikariPool-1 - Starting...
2023-11-13 08:16:51.599 INFO  [http-nio-8085-exec-1] [com.zaxxer.hikari.HikariDataSource] - HikariPool-1 - Start completed.
2023-11-13 08:23:01.574 INFO  [SpringApplicationShutdownHook] [com.zaxxer.hikari.HikariDataSource] - HikariPool-1 - Shutdown initiated...
2023-11-13 08:23:01.576 INFO  [SpringApplicationShutdownHook] [com.zaxxer.hikari.HikariDataSource] - HikariPool-1 - Shutdown completed.
2023-11-13 08:23:05.153 INFO  [background-preinit] [o.h.validator.internal.util.Version] - HV000001: Hibernate Validator 6.2.5.Final
2023-11-13 08:23:05.156 INFO  [restartedMain] [com.shop.ShopApplication] - Starting ShopApplication using Java 17.0.7 on FULL8-000 with PID 21140 (D:\kim\pro05\shop\build\classes\java\main started by user in D:\kim\pro05\shop)
2023-11-13 08:23:05.156 INFO  [restartedMain] [com.shop.ShopApplication] - No active profile set, falling back to 1 default profile: "default"
2023-11-13 08:23:05.291 INFO  [restartedMain] [o.s.b.d.e.DevToolsPropertyDefaultsPostProcessor] - Devtools property defaults active! Set 'spring.devtools.add-properties' to 'false' to disable
2023-11-13 08:23:05.291 INFO  [restartedMain] [o.s.b.d.e.DevToolsPropertyDefaultsPostProcessor] - For additional web related logging consider setting the 'logging.level.web' property to 'DEBUG'
2023-11-13 08:23:05.864 INFO  [restartedMain] [o.s.b.w.embedded.tomcat.TomcatWebServer] - Tomcat initialized with port(s): 8085 (http)
2023-11-13 08:23:05.868 INFO  [restartedMain] [o.apache.coyote.http11.Http11NioProtocol] - Initializing ProtocolHandler ["http-nio-8085"]
2023-11-13 08:23:05.869 INFO  [restartedMain] [org.apache.catalina.core.StandardService] - Starting service [Tomcat]
2023-11-13 08:23:05.869 INFO  [restartedMain] [org.apache.catalina.core.StandardEngine] - Starting Servlet engine: [Apache Tomcat/9.0.82]
2023-11-13 08:23:05.902 INFO  [restartedMain] [o.a.c.c.C.[Tomcat].[localhost].[/]] - Initializing Spring embedded WebApplicationContext
2023-11-13 08:23:05.902 INFO  [restartedMain] [o.s.b.w.s.c.ServletWebServerApplicationContext] - Root WebApplicationContext: initialization completed in 611 ms
2023-11-13 08:23:06.147 INFO  [restartedMain] [o.s.s.web.DefaultSecurityFilterChain] - Will secure any request with [org.springframework.security.web.session.DisableEncodeUrlFilter@55b16517, org.springframework.security.web.context.request.async.WebAsyncManagerIntegrationFilter@7c3f8bb3, org.springframework.security.web.context.SecurityContextPersistenceFilter@69f56edf, org.springframework.security.web.header.HeaderWriterFilter@29ca6ec6, org.springframework.security.web.authentication.logout.LogoutFilter@ed23d0b, org.springframework.security.web.authentication.UsernamePasswordAuthenticationFilter@51f99cee, org.springframework.security.web.savedrequest.RequestCacheAwareFilter@55708e6f, org.springframework.security.web.servletapi.SecurityContextHolderAwareRequestFilter@40d123fb, org.springframework.security.web.authentication.AnonymousAuthenticationFilter@61c6ed46, org.springframework.security.web.session.SessionManagementFilter@bbdfc76, org.springframework.security.web.access.ExceptionTranslationFilter@35cfc48b, org.springframework.security.web.access.intercept.FilterSecurityInterceptor@5653b10e]
2023-11-13 08:23:06.315 INFO  [restartedMain] [o.s.b.d.a.OptionalLiveReloadServer] - LiveReload server is running on port 35729
2023-11-13 08:23:06.323 INFO  [restartedMain] [o.apache.coyote.http11.Http11NioProtocol] - Starting ProtocolHandler ["http-nio-8085"]
2023-11-13 08:23:06.338 INFO  [restartedMain] [o.s.b.w.embedded.tomcat.TomcatWebServer] - Tomcat started on port(s): 8085 (http) with context path ''
2023-11-13 08:23:06.344 INFO  [restartedMain] [com.shop.ShopApplication] - Started ShopApplication in 1.356 seconds (JVM running for 1.726)
2023-11-13 08:23:12.062 INFO  [http-nio-8085-exec-1] [o.a.c.c.C.[Tomcat].[localhost].[/]] - Initializing Spring DispatcherServlet 'dispatcherServlet'
2023-11-13 08:23:12.062 INFO  [http-nio-8085-exec-1] [o.s.web.servlet.DispatcherServlet] - Initializing Servlet 'dispatcherServlet'
2023-11-13 08:23:12.062 INFO  [http-nio-8085-exec-1] [o.s.web.servlet.DispatcherServlet] - Completed initialization in 0 ms
2023-11-13 08:23:21.349 INFO  [http-nio-8085-exec-8] [com.zaxxer.hikari.HikariDataSource] - HikariPool-1 - Starting...
2023-11-13 08:23:21.395 INFO  [http-nio-8085-exec-8] [com.zaxxer.hikari.HikariDataSource] - HikariPool-1 - Start completed.
2023-11-13 08:28:46.015 INFO  [SpringApplicationShutdownHook] [com.zaxxer.hikari.HikariDataSource] - HikariPool-1 - Shutdown initiated...
2023-11-13 08:28:46.017 INFO  [SpringApplicationShutdownHook] [com.zaxxer.hikari.HikariDataSource] - HikariPool-1 - Shutdown completed.
2023-11-13 08:28:48.808 INFO  [background-preinit] [o.h.validator.internal.util.Version] - HV000001: Hibernate Validator 6.2.5.Final
2023-11-13 08:28:48.808 INFO  [restartedMain] [com.shop.ShopApplication] - Starting ShopApplication using Java 17.0.7 on FULL8-000 with PID 6716 (D:\kim\pro05\shop\build\classes\java\main started by user in D:\kim\pro05\shop)
2023-11-13 08:28:48.810 INFO  [restartedMain] [com.shop.ShopApplication] - No active profile set, falling back to 1 default profile: "default"
2023-11-13 08:28:48.947 INFO  [restartedMain] [o.s.b.d.e.DevToolsPropertyDefaultsPostProcessor] - Devtools property defaults active! Set 'spring.devtools.add-properties' to 'false' to disable
2023-11-13 08:28:48.947 INFO  [restartedMain] [o.s.b.d.e.DevToolsPropertyDefaultsPostProcessor] - For additional web related logging consider setting the 'logging.level.web' property to 'DEBUG'
2023-11-13 08:28:49.526 INFO  [restartedMain] [o.s.b.w.embedded.tomcat.TomcatWebServer] - Tomcat initialized with port(s): 8085 (http)
2023-11-13 08:28:49.530 INFO  [restartedMain] [o.apache.coyote.http11.Http11NioProtocol] - Initializing ProtocolHandler ["http-nio-8085"]
2023-11-13 08:28:49.531 INFO  [restartedMain] [org.apache.catalina.core.StandardService] - Starting service [Tomcat]
2023-11-13 08:28:49.531 INFO  [restartedMain] [org.apache.catalina.core.StandardEngine] - Starting Servlet engine: [Apache Tomcat/9.0.82]
2023-11-13 08:28:49.567 INFO  [restartedMain] [o.a.c.c.C.[Tomcat].[localhost].[/]] - Initializing Spring embedded WebApplicationContext
2023-11-13 08:28:49.567 INFO  [restartedMain] [o.s.b.w.s.c.ServletWebServerApplicationContext] - Root WebApplicationContext: initialization completed in 620 ms
2023-11-13 08:28:49.818 INFO  [restartedMain] [o.s.s.web.DefaultSecurityFilterChain] - Will secure any request with [org.springframework.security.web.session.DisableEncodeUrlFilter@506dfdba, org.springframework.security.web.context.request.async.WebAsyncManagerIntegrationFilter@7fa0b146, org.springframework.security.web.context.SecurityContextPersistenceFilter@c425744, org.springframework.security.web.header.HeaderWriterFilter@14b7d94e, org.springframework.security.web.authentication.logout.LogoutFilter@56ac04e9, org.springframework.security.web.authentication.UsernamePasswordAuthenticationFilter@3eae5816, org.springframework.security.web.savedrequest.RequestCacheAwareFilter@5295ef83, org.springframework.security.web.servletapi.SecurityContextHolderAwareRequestFilter@cf50509, org.springframework.security.web.authentication.AnonymousAuthenticationFilter@612716c7, org.springframework.security.web.session.SessionManagementFilter@6f8f69ec, org.springframework.security.web.access.ExceptionTranslationFilter@31c92309, org.springframework.security.web.access.intercept.FilterSecurityInterceptor@5ec22bbc]
2023-11-13 08:28:49.984 INFO  [restartedMain] [o.s.b.d.a.OptionalLiveReloadServer] - LiveReload server is running on port 35729
2023-11-13 08:28:49.992 INFO  [restartedMain] [o.apache.coyote.http11.Http11NioProtocol] - Starting ProtocolHandler ["http-nio-8085"]
2023-11-13 08:28:50.006 INFO  [restartedMain] [o.s.b.w.embedded.tomcat.TomcatWebServer] - Tomcat started on port(s): 8085 (http) with context path ''
2023-11-13 08:28:50.012 INFO  [restartedMain] [com.shop.ShopApplication] - Started ShopApplication in 1.372 seconds (JVM running for 1.728)
2023-11-13 08:29:03.644 INFO  [http-nio-8085-exec-1] [o.a.c.c.C.[Tomcat].[localhost].[/]] - Initializing Spring DispatcherServlet 'dispatcherServlet'
2023-11-13 08:29:03.645 INFO  [http-nio-8085-exec-1] [o.s.web.servlet.DispatcherServlet] - Initializing Servlet 'dispatcherServlet'
2023-11-13 08:29:03.645 INFO  [http-nio-8085-exec-1] [o.s.web.servlet.DispatcherServlet] - Completed initialization in 0 ms
2023-11-13 08:29:11.106 INFO  [http-nio-8085-exec-10] [com.zaxxer.hikari.HikariDataSource] - HikariPool-1 - Starting...
2023-11-13 08:29:11.157 INFO  [http-nio-8085-exec-10] [com.zaxxer.hikari.HikariDataSource] - HikariPool-1 - Start completed.
2023-11-13 08:30:40.302 INFO  [SpringApplicationShutdownHook] [com.zaxxer.hikari.HikariDataSource] - HikariPool-1 - Shutdown initiated...
2023-11-13 08:30:40.304 INFO  [SpringApplicationShutdownHook] [com.zaxxer.hikari.HikariDataSource] - HikariPool-1 - Shutdown completed.
2023-11-13 08:30:42.863 INFO  [background-preinit] [o.h.validator.internal.util.Version] - HV000001: Hibernate Validator 6.2.5.Final
2023-11-13 08:30:42.865 INFO  [restartedMain] [com.shop.ShopApplication] - Starting ShopApplication using Java 17.0.7 on FULL8-000 with PID 4604 (D:\kim\pro05\shop\build\classes\java\main started by user in D:\kim\pro05\shop)
2023-11-13 08:30:42.866 INFO  [restartedMain] [com.shop.ShopApplication] - No active profile set, falling back to 1 default profile: "default"
2023-11-13 08:30:42.994 INFO  [restartedMain] [o.s.b.d.e.DevToolsPropertyDefaultsPostProcessor] - Devtools property defaults active! Set 'spring.devtools.add-properties' to 'false' to disable
2023-11-13 08:30:42.994 INFO  [restartedMain] [o.s.b.d.e.DevToolsPropertyDefaultsPostProcessor] - For additional web related logging consider setting the 'logging.level.web' property to 'DEBUG'
2023-11-13 08:30:43.565 INFO  [restartedMain] [o.s.b.w.embedded.tomcat.TomcatWebServer] - Tomcat initialized with port(s): 8085 (http)
2023-11-13 08:30:43.569 INFO  [restartedMain] [o.apache.coyote.http11.Http11NioProtocol] - Initializing ProtocolHandler ["http-nio-8085"]
2023-11-13 08:30:43.570 INFO  [restartedMain] [org.apache.catalina.core.StandardService] - Starting service [Tomcat]
2023-11-13 08:30:43.570 INFO  [restartedMain] [org.apache.catalina.core.StandardEngine] - Starting Servlet engine: [Apache Tomcat/9.0.82]
2023-11-13 08:30:43.605 INFO  [restartedMain] [o.a.c.c.C.[Tomcat].[localhost].[/]] - Initializing Spring embedded WebApplicationContext
2023-11-13 08:30:43.605 INFO  [restartedMain] [o.s.b.w.s.c.ServletWebServerApplicationContext] - Root WebApplicationContext: initialization completed in 611 ms
2023-11-13 08:30:43.848 INFO  [restartedMain] [o.s.s.web.DefaultSecurityFilterChain] - Will secure any request with [org.springframework.security.web.session.DisableEncodeUrlFilter@16d722bd, org.springframework.security.web.context.request.async.WebAsyncManagerIntegrationFilter@6295cab0, org.springframework.security.web.context.SecurityContextPersistenceFilter@7b1e205d, org.springframework.security.web.header.HeaderWriterFilter@5e210732, org.springframework.security.web.authentication.logout.LogoutFilter@3c6d1df0, org.springframework.security.web.authentication.UsernamePasswordAuthenticationFilter@5800ec91, org.springframework.security.web.savedrequest.RequestCacheAwareFilter@49cb783b, org.springframework.security.web.servletapi.SecurityContextHolderAwareRequestFilter@bbdfc76, org.springframework.security.web.authentication.AnonymousAuthenticationFilter@68924633, org.springframework.security.web.session.SessionManagementFilter@2fffaf2f, org.springframework.security.web.access.ExceptionTranslationFilter@1a10074a, org.springframework.security.web.access.intercept.FilterSecurityInterceptor@5af5c1ca]
2023-11-13 08:30:44.020 INFO  [restartedMain] [o.s.b.d.a.OptionalLiveReloadServer] - LiveReload server is running on port 35729
2023-11-13 08:30:44.028 INFO  [restartedMain] [o.apache.coyote.http11.Http11NioProtocol] - Starting ProtocolHandler ["http-nio-8085"]
2023-11-13 08:30:44.038 INFO  [restartedMain] [o.s.b.w.embedded.tomcat.TomcatWebServer] - Tomcat started on port(s): 8085 (http) with context path ''
2023-11-13 08:30:44.044 INFO  [restartedMain] [com.shop.ShopApplication] - Started ShopApplication in 1.343 seconds (JVM running for 1.702)
2023-11-13 08:30:47.554 INFO  [http-nio-8085-exec-1] [o.a.c.c.C.[Tomcat].[localhost].[/]] - Initializing Spring DispatcherServlet 'dispatcherServlet'
2023-11-13 08:30:47.554 INFO  [http-nio-8085-exec-1] [o.s.web.servlet.DispatcherServlet] - Initializing Servlet 'dispatcherServlet'
2023-11-13 08:30:47.554 INFO  [http-nio-8085-exec-1] [o.s.web.servlet.DispatcherServlet] - Completed initialization in 0 ms
2023-11-13 08:30:56.608 INFO  [http-nio-8085-exec-8] [com.shop.config.AuthProvider] - ID : admin
2023-11-13 08:30:56.608 INFO  [http-nio-8085-exec-8] [com.shop.config.AuthProvider] - PW : 1234
2023-11-13 08:30:56.625 INFO  [http-nio-8085-exec-8] [com.zaxxer.hikari.HikariDataSource] - HikariPool-1 - Starting...
2023-11-13 08:30:56.671 INFO  [http-nio-8085-exec-8] [com.zaxxer.hikari.HikariDataSource] - HikariPool-1 - Start completed.
2023-11-13 08:32:57.653 INFO  [SpringApplicationShutdownHook] [com.zaxxer.hikari.HikariDataSource] - HikariPool-1 - Shutdown initiated...
2023-11-13 08:32:57.662 INFO  [SpringApplicationShutdownHook] [com.zaxxer.hikari.HikariDataSource] - HikariPool-1 - Shutdown completed.
2023-11-13 08:33:00.734 INFO  [background-preinit] [o.h.validator.internal.util.Version] - HV000001: Hibernate Validator 6.2.5.Final
2023-11-13 08:33:00.737 INFO  [restartedMain] [com.shop.ShopApplication] - Starting ShopApplication using Java 17.0.7 on FULL8-000 with PID 17800 (D:\kim\pro05\shop\build\classes\java\main started by user in D:\kim\pro05\shop)
2023-11-13 08:33:00.738 INFO  [restartedMain] [com.shop.ShopApplication] - No active profile set, falling back to 1 default profile: "default"
2023-11-13 08:33:00.878 INFO  [restartedMain] [o.s.b.d.e.DevToolsPropertyDefaultsPostProcessor] - Devtools property defaults active! Set 'spring.devtools.add-properties' to 'false' to disable
2023-11-13 08:33:00.878 INFO  [restartedMain] [o.s.b.d.e.DevToolsPropertyDefaultsPostProcessor] - For additional web related logging consider setting the 'logging.level.web' property to 'DEBUG'
2023-11-13 08:33:01.477 INFO  [restartedMain] [o.s.b.w.embedded.tomcat.TomcatWebServer] - Tomcat initialized with port(s): 8085 (http)
2023-11-13 08:33:01.482 INFO  [restartedMain] [o.apache.coyote.http11.Http11NioProtocol] - Initializing ProtocolHandler ["http-nio-8085"]
2023-11-13 08:33:01.482 INFO  [restartedMain] [org.apache.catalina.core.StandardService] - Starting service [Tomcat]
2023-11-13 08:33:01.482 INFO  [restartedMain] [org.apache.catalina.core.StandardEngine] - Starting Servlet engine: [Apache Tomcat/9.0.82]
2023-11-13 08:33:01.517 INFO  [restartedMain] [o.a.c.c.C.[Tomcat].[localhost].[/]] - Initializing Spring embedded WebApplicationContext
2023-11-13 08:33:01.517 INFO  [restartedMain] [o.s.b.w.s.c.ServletWebServerApplicationContext] - Root WebApplicationContext: initialization completed in 639 ms
2023-11-13 08:33:01.772 INFO  [restartedMain] [o.s.s.web.DefaultSecurityFilterChain] - Will secure any request with [org.springframework.security.web.session.DisableEncodeUrlFilter@67e5a07c, org.springframework.security.web.context.request.async.WebAsyncManagerIntegrationFilter@1d1297d7, org.springframework.security.web.context.SecurityContextPersistenceFilter@7667df4d, org.springframework.security.web.header.HeaderWriterFilter@3f19a1f5, org.springframework.security.web.authentication.logout.LogoutFilter@12139ba4, org.springframework.security.web.authentication.UsernamePasswordAuthenticationFilter@3e6ea288, org.springframework.security.web.savedrequest.RequestCacheAwareFilter@5ab716fa, org.springframework.security.web.servletapi.SecurityContextHolderAwareRequestFilter@1ca2bd76, org.springframework.security.web.authentication.AnonymousAuthenticationFilter@416e0f0e, org.springframework.security.web.session.SessionManagementFilter@f06fe74, org.springframework.security.web.access.ExceptionTranslationFilter@1561ece0, org.springframework.security.web.access.intercept.FilterSecurityInterceptor@24d3edb4]
2023-11-13 08:33:01.942 INFO  [restartedMain] [o.s.b.d.a.OptionalLiveReloadServer] - LiveReload server is running on port 35729
2023-11-13 08:33:01.951 INFO  [restartedMain] [o.apache.coyote.http11.Http11NioProtocol] - Starting ProtocolHandler ["http-nio-8085"]
2023-11-13 08:33:01.965 INFO  [restartedMain] [o.s.b.w.embedded.tomcat.TomcatWebServer] - Tomcat started on port(s): 8085 (http) with context path ''
2023-11-13 08:33:01.971 INFO  [restartedMain] [com.shop.ShopApplication] - Started ShopApplication in 1.404 seconds (JVM running for 1.789)
2023-11-13 08:33:05.723 INFO  [http-nio-8085-exec-1] [o.a.c.c.C.[Tomcat].[localhost].[/]] - Initializing Spring DispatcherServlet 'dispatcherServlet'
2023-11-13 08:33:05.723 INFO  [http-nio-8085-exec-1] [o.s.web.servlet.DispatcherServlet] - Initializing Servlet 'dispatcherServlet'
2023-11-13 08:33:05.724 INFO  [http-nio-8085-exec-1] [o.s.web.servlet.DispatcherServlet] - Completed initialization in 1 ms
2023-11-13 08:33:14.383 INFO  [http-nio-8085-exec-8] [com.shop.config.AuthProvider] - ID : admin
2023-11-13 08:33:14.383 INFO  [http-nio-8085-exec-8] [com.shop.config.AuthProvider] - PW : 1234
2023-11-13 08:33:14.404 INFO  [http-nio-8085-exec-8] [com.zaxxer.hikari.HikariDataSource] - HikariPool-1 - Starting...
2023-11-13 08:33:14.479 INFO  [http-nio-8085-exec-8] [com.zaxxer.hikari.HikariDataSource] - HikariPool-1 - Start completed.
2023-11-13 08:33:41.929 INFO  [SpringApplicationShutdownHook] [com.zaxxer.hikari.HikariDataSource] - HikariPool-1 - Shutdown initiated...
2023-11-13 08:33:41.932 INFO  [SpringApplicationShutdownHook] [com.zaxxer.hikari.HikariDataSource] - HikariPool-1 - Shutdown completed.
2023-11-13 08:33:45.566 INFO  [background-preinit] [o.h.validator.internal.util.Version] - HV000001: Hibernate Validator 6.2.5.Final
2023-11-13 08:33:45.569 INFO  [restartedMain] [com.shop.ShopApplication] - Starting ShopApplication using Java 17.0.7 on FULL8-000 with PID 21796 (D:\kim\pro05\shop\build\classes\java\main started by user in D:\kim\pro05\shop)
2023-11-13 08:33:45.569 INFO  [restartedMain] [com.shop.ShopApplication] - No active profile set, falling back to 1 default profile: "default"
2023-11-13 08:33:45.699 INFO  [restartedMain] [o.s.b.d.e.DevToolsPropertyDefaultsPostProcessor] - Devtools property defaults active! Set 'spring.devtools.add-properties' to 'false' to disable
2023-11-13 08:33:45.699 INFO  [restartedMain] [o.s.b.d.e.DevToolsPropertyDefaultsPostProcessor] - For additional web related logging consider setting the 'logging.level.web' property to 'DEBUG'
2023-11-13 08:33:46.278 INFO  [restartedMain] [o.s.b.w.embedded.tomcat.TomcatWebServer] - Tomcat initialized with port(s): 8085 (http)
2023-11-13 08:33:46.283 INFO  [restartedMain] [o.apache.coyote.http11.Http11NioProtocol] - Initializing ProtocolHandler ["http-nio-8085"]
2023-11-13 08:33:46.283 INFO  [restartedMain] [org.apache.catalina.core.StandardService] - Starting service [Tomcat]
2023-11-13 08:33:46.284 INFO  [restartedMain] [org.apache.catalina.core.StandardEngine] - Starting Servlet engine: [Apache Tomcat/9.0.82]
2023-11-13 08:33:46.318 INFO  [restartedMain] [o.a.c.c.C.[Tomcat].[localhost].[/]] - Initializing Spring embedded WebApplicationContext
2023-11-13 08:33:46.318 INFO  [restartedMain] [o.s.b.w.s.c.ServletWebServerApplicationContext] - Root WebApplicationContext: initialization completed in 618 ms
2023-11-13 08:33:46.574 INFO  [restartedMain] [o.s.s.web.DefaultSecurityFilterChain] - Will secure any request with [org.springframework.security.web.session.DisableEncodeUrlFilter@2e8eea1a, org.springframework.security.web.context.request.async.WebAsyncManagerIntegrationFilter@3c9fd5aa, org.springframework.security.web.context.SecurityContextPersistenceFilter@57b77ad4, org.springframework.security.web.header.HeaderWriterFilter@9c6af6d, org.springframework.security.web.authentication.logout.LogoutFilter@339664a1, org.springframework.security.web.authentication.UsernamePasswordAuthenticationFilter@7ef47c7a, org.springframework.security.web.savedrequest.RequestCacheAwareFilter@575f7165, org.springframework.security.web.servletapi.SecurityContextHolderAwareRequestFilter@52c99c3a, org.springframework.security.web.authentication.AnonymousAuthenticationFilter@e54d4c3, org.springframework.security.web.session.SessionManagementFilter@1434d139, org.springframework.security.web.access.ExceptionTranslationFilter@10d15024, org.springframework.security.web.access.intercept.FilterSecurityInterceptor@71489668]
2023-11-13 08:33:46.744 INFO  [restartedMain] [o.s.b.d.a.OptionalLiveReloadServer] - LiveReload server is running on port 35729
2023-11-13 08:33:46.753 INFO  [restartedMain] [o.apache.coyote.http11.Http11NioProtocol] - Starting ProtocolHandler ["http-nio-8085"]
2023-11-13 08:33:46.763 INFO  [restartedMain] [o.s.b.w.embedded.tomcat.TomcatWebServer] - Tomcat started on port(s): 8085 (http) with context path ''
2023-11-13 08:33:46.770 INFO  [restartedMain] [com.shop.ShopApplication] - Started ShopApplication in 1.369 seconds (JVM running for 1.739)
2023-11-13 08:33:49.081 INFO  [http-nio-8085-exec-1] [o.a.c.c.C.[Tomcat].[localhost].[/]] - Initializing Spring DispatcherServlet 'dispatcherServlet'
2023-11-13 08:33:49.081 INFO  [http-nio-8085-exec-1] [o.s.web.servlet.DispatcherServlet] - Initializing Servlet 'dispatcherServlet'
2023-11-13 08:33:49.081 INFO  [http-nio-8085-exec-1] [o.s.web.servlet.DispatcherServlet] - Completed initialization in 0 ms
2023-11-13 08:34:00.150 INFO  [http-nio-8085-exec-2] [com.shop.config.AuthProvider] - ID : admin
2023-11-13 08:34:00.150 INFO  [http-nio-8085-exec-2] [com.shop.config.AuthProvider] - PW : 1234
2023-11-13 08:34:00.170 INFO  [http-nio-8085-exec-2] [com.zaxxer.hikari.HikariDataSource] - HikariPool-1 - Starting...
2023-11-13 08:34:00.227 INFO  [http-nio-8085-exec-2] [com.zaxxer.hikari.HikariDataSource] - HikariPool-1 - Start completed.
2023-11-13 08:34:00.244 INFO  [http-nio-8085-exec-2] [com.shop.config.AuthProvider] - DB user number : 1
2023-11-13 08:34:00.244 INFO  [http-nio-8085-exec-2] [com.shop.config.AuthProvider] - DB user id : admin
2023-11-13 08:34:00.244 INFO  [http-nio-8085-exec-2] [com.shop.config.AuthProvider] - DB user password : $2a$10$PuFFwHKZsTK5JhkBGQDGreyiqXVJV3pe0zZePJcGrysuuly1Yb9Ji
2023-11-13 08:35:02.958 INFO  [SpringApplicationShutdownHook] [com.zaxxer.hikari.HikariDataSource] - HikariPool-1 - Shutdown initiated...
2023-11-13 08:35:02.961 INFO  [SpringApplicationShutdownHook] [com.zaxxer.hikari.HikariDataSource] - HikariPool-1 - Shutdown completed.
2023-11-13 08:35:06.415 INFO  [restartedMain] [com.shop.ShopApplication] - Starting ShopApplication using Java 17.0.7 on FULL8-000 with PID 4344 (D:\kim\pro05\shop\build\classes\java\main started by user in D:\kim\pro05\shop)
2023-11-13 08:35:06.413 INFO  [background-preinit] [o.h.validator.internal.util.Version] - HV000001: Hibernate Validator 6.2.5.Final
2023-11-13 08:35:06.416 INFO  [restartedMain] [com.shop.ShopApplication] - No active profile set, falling back to 1 default profile: "default"
2023-11-13 08:35:06.557 INFO  [restartedMain] [o.s.b.d.e.DevToolsPropertyDefaultsPostProcessor] - Devtools property defaults active! Set 'spring.devtools.add-properties' to 'false' to disable
2023-11-13 08:35:06.557 INFO  [restartedMain] [o.s.b.d.e.DevToolsPropertyDefaultsPostProcessor] - For additional web related logging consider setting the 'logging.level.web' property to 'DEBUG'
2023-11-13 08:35:07.160 INFO  [restartedMain] [o.s.b.w.embedded.tomcat.TomcatWebServer] - Tomcat initialized with port(s): 8085 (http)
2023-11-13 08:35:07.165 INFO  [restartedMain] [o.apache.coyote.http11.Http11NioProtocol] - Initializing ProtocolHandler ["http-nio-8085"]
2023-11-13 08:35:07.166 INFO  [restartedMain] [org.apache.catalina.core.StandardService] - Starting service [Tomcat]
2023-11-13 08:35:07.166 INFO  [restartedMain] [org.apache.catalina.core.StandardEngine] - Starting Servlet engine: [Apache Tomcat/9.0.82]
2023-11-13 08:35:07.205 INFO  [restartedMain] [o.a.c.c.C.[Tomcat].[localhost].[/]] - Initializing Spring embedded WebApplicationContext
2023-11-13 08:35:07.205 INFO  [restartedMain] [o.s.b.w.s.c.ServletWebServerApplicationContext] - Root WebApplicationContext: initialization completed in 648 ms
2023-11-13 08:35:07.466 INFO  [restartedMain] [o.s.s.web.DefaultSecurityFilterChain] - Will secure any request with [org.springframework.security.web.session.DisableEncodeUrlFilter@416e0f0e, org.springframework.security.web.context.request.async.WebAsyncManagerIntegrationFilter@5a8ee228, org.springframework.security.web.context.SecurityContextPersistenceFilter@5ab716fa, org.springframework.security.web.header.HeaderWriterFilter@f06fe74, org.springframework.security.web.authentication.logout.LogoutFilter@434428b6, org.springframework.security.web.authentication.UsernamePasswordAuthenticationFilter@f7eae71, org.springframework.security.web.savedrequest.RequestCacheAwareFilter@54779418, org.springframework.security.web.servletapi.SecurityContextHolderAwareRequestFilter@4915431f, org.springframework.security.web.authentication.AnonymousAuthenticationFilter@10a25f45, org.springframework.security.web.session.SessionManagementFilter@338eabb9, org.springframework.security.web.access.ExceptionTranslationFilter@3f19a1f5, org.springframework.security.web.access.intercept.FilterSecurityInterceptor@63bc12d2]
2023-11-13 08:35:07.650 INFO  [restartedMain] [o.s.b.d.a.OptionalLiveReloadServer] - LiveReload server is running on port 35729
2023-11-13 08:35:07.659 INFO  [restartedMain] [o.apache.coyote.http11.Http11NioProtocol] - Starting ProtocolHandler ["http-nio-8085"]
2023-11-13 08:35:07.670 INFO  [restartedMain] [o.s.b.w.embedded.tomcat.TomcatWebServer] - Tomcat started on port(s): 8085 (http) with context path ''
2023-11-13 08:35:07.677 INFO  [restartedMain] [com.shop.ShopApplication] - Started ShopApplication in 1.435 seconds (JVM running for 1.808)
2023-11-13 08:35:09.746 INFO  [http-nio-8085-exec-1] [o.a.c.c.C.[Tomcat].[localhost].[/]] - Initializing Spring DispatcherServlet 'dispatcherServlet'
2023-11-13 08:35:09.746 INFO  [http-nio-8085-exec-1] [o.s.web.servlet.DispatcherServlet] - Initializing Servlet 'dispatcherServlet'
2023-11-13 08:35:09.746 INFO  [http-nio-8085-exec-1] [o.s.web.servlet.DispatcherServlet] - Completed initialization in 0 ms
2023-11-13 08:35:16.766 INFO  [http-nio-8085-exec-6] [com.shop.config.AuthProvider] - ID : admin
2023-11-13 08:35:16.766 INFO  [http-nio-8085-exec-6] [com.shop.config.AuthProvider] - PW : 1234
2023-11-13 08:35:16.788 INFO  [http-nio-8085-exec-6] [com.zaxxer.hikari.HikariDataSource] - HikariPool-1 - Starting...
2023-11-13 08:35:16.856 INFO  [http-nio-8085-exec-6] [com.zaxxer.hikari.HikariDataSource] - HikariPool-1 - Start completed.
2023-11-13 08:35:16.876 INFO  [http-nio-8085-exec-6] [com.shop.config.AuthProvider] - DB user number : 1
2023-11-13 08:35:16.877 INFO  [http-nio-8085-exec-6] [com.shop.config.AuthProvider] - DB user id : admin
2023-11-13 08:35:16.877 INFO  [http-nio-8085-exec-6] [com.shop.config.AuthProvider] - DB user password : $2a$10$PuFFwHKZsTK5JhkBGQDGreyiqXVJV3pe0zZePJcGrysuuly1Yb9Ji
2023-11-13 08:35:16.877 INFO  [http-nio-8085-exec-6] [com.shop.config.AuthProvider] - DB user role : 1
2023-11-13 08:36:51.785 INFO  [SpringApplicationShutdownHook] [com.zaxxer.hikari.HikariDataSource] - HikariPool-1 - Shutdown initiated...
2023-11-13 08:36:51.787 INFO  [SpringApplicationShutdownHook] [com.zaxxer.hikari.HikariDataSource] - HikariPool-1 - Shutdown completed.
2023-11-13 08:36:54.565 INFO  [background-preinit] [o.h.validator.internal.util.Version] - HV000001: Hibernate Validator 6.2.5.Final
2023-11-13 08:36:54.571 INFO  [restartedMain] [com.shop.ShopApplication] - Starting ShopApplication using Java 17.0.7 on FULL8-000 with PID 11888 (D:\kim\pro05\shop\build\classes\java\main started by user in D:\kim\pro05\shop)
2023-11-13 08:36:54.572 INFO  [restartedMain] [com.shop.ShopApplication] - No active profile set, falling back to 1 default profile: "default"
2023-11-13 08:36:54.706 INFO  [restartedMain] [o.s.b.d.e.DevToolsPropertyDefaultsPostProcessor] - Devtools property defaults active! Set 'spring.devtools.add-properties' to 'false' to disable
2023-11-13 08:36:54.707 INFO  [restartedMain] [o.s.b.d.e.DevToolsPropertyDefaultsPostProcessor] - For additional web related logging consider setting the 'logging.level.web' property to 'DEBUG'
2023-11-13 08:36:55.303 INFO  [restartedMain] [o.s.b.w.embedded.tomcat.TomcatWebServer] - Tomcat initialized with port(s): 8085 (http)
2023-11-13 08:36:55.307 INFO  [restartedMain] [o.apache.coyote.http11.Http11NioProtocol] - Initializing ProtocolHandler ["http-nio-8085"]
2023-11-13 08:36:55.308 INFO  [restartedMain] [org.apache.catalina.core.StandardService] - Starting service [Tomcat]
2023-11-13 08:36:55.308 INFO  [restartedMain] [org.apache.catalina.core.StandardEngine] - Starting Servlet engine: [Apache Tomcat/9.0.82]
2023-11-13 08:36:55.343 INFO  [restartedMain] [o.a.c.c.C.[Tomcat].[localhost].[/]] - Initializing Spring embedded WebApplicationContext
2023-11-13 08:36:55.344 INFO  [restartedMain] [o.s.b.w.s.c.ServletWebServerApplicationContext] - Root WebApplicationContext: initialization completed in 637 ms
2023-11-13 08:36:55.605 INFO  [restartedMain] [o.s.s.web.DefaultSecurityFilterChain] - Will secure any request with [org.springframework.security.web.session.DisableEncodeUrlFilter@67e5a07c, org.springframework.security.web.context.request.async.WebAsyncManagerIntegrationFilter@1d1297d7, org.springframework.security.web.context.SecurityContextPersistenceFilter@7667df4d, org.springframework.security.web.header.HeaderWriterFilter@3f19a1f5, org.springframework.security.web.authentication.logout.LogoutFilter@12139ba4, org.springframework.security.web.authentication.UsernamePasswordAuthenticationFilter@3e6ea288, org.springframework.security.web.savedrequest.RequestCacheAwareFilter@5ab716fa, org.springframework.security.web.servletapi.SecurityContextHolderAwareRequestFilter@1ca2bd76, org.springframework.security.web.authentication.AnonymousAuthenticationFilter@416e0f0e, org.springframework.security.web.session.SessionManagementFilter@f06fe74, org.springframework.security.web.access.ExceptionTranslationFilter@1561ece0, org.springframework.security.web.access.intercept.FilterSecurityInterceptor@24d3edb4]
2023-11-13 08:36:55.780 INFO  [restartedMain] [o.s.b.d.a.OptionalLiveReloadServer] - LiveReload server is running on port 35729
2023-11-13 08:36:55.789 INFO  [restartedMain] [o.apache.coyote.http11.Http11NioProtocol] - Starting ProtocolHandler ["http-nio-8085"]
2023-11-13 08:36:55.800 INFO  [restartedMain] [o.s.b.w.embedded.tomcat.TomcatWebServer] - Tomcat started on port(s): 8085 (http) with context path ''
2023-11-13 08:36:55.806 INFO  [restartedMain] [com.shop.ShopApplication] - Started ShopApplication in 1.41 seconds (JVM running for 1.795)
2023-11-13 08:37:03.656 INFO  [http-nio-8085-exec-1] [o.a.c.c.C.[Tomcat].[localhost].[/]] - Initializing Spring DispatcherServlet 'dispatcherServlet'
2023-11-13 08:37:03.656 INFO  [http-nio-8085-exec-1] [o.s.web.servlet.DispatcherServlet] - Initializing Servlet 'dispatcherServlet'
2023-11-13 08:37:03.656 INFO  [http-nio-8085-exec-1] [o.s.web.servlet.DispatcherServlet] - Completed initialization in 0 ms
2023-11-13 08:37:11.799 WARN  [http-nio-8085-exec-8] [o.s.web.servlet.PageNotFound] - No mapping for POST /member/auth
2023-11-13 08:37:31.781 WARN  [http-nio-8085-exec-6] [o.s.web.servlet.PageNotFound] - No mapping for POST /member/auth
2023-11-13 08:37:43.158 WARN  [http-nio-8085-exec-5] [o.s.web.servlet.PageNotFound] - No mapping for POST /member/auth
2023-11-13 08:37:52.189 INFO  [background-preinit] [o.h.validator.internal.util.Version] - HV000001: Hibernate Validator 6.2.5.Final
2023-11-13 08:37:52.192 INFO  [restartedMain] [com.shop.ShopApplication] - Starting ShopApplication using Java 17.0.7 on FULL8-000 with PID 6464 (D:\kim\pro05\shop\build\classes\java\main started by user in D:\kim\pro05\shop)
2023-11-13 08:37:52.192 INFO  [restartedMain] [com.shop.ShopApplication] - No active profile set, falling back to 1 default profile: "default"
2023-11-13 08:37:52.323 INFO  [restartedMain] [o.s.b.d.e.DevToolsPropertyDefaultsPostProcessor] - Devtools property defaults active! Set 'spring.devtools.add-properties' to 'false' to disable
2023-11-13 08:37:52.323 INFO  [restartedMain] [o.s.b.d.e.DevToolsPropertyDefaultsPostProcessor] - For additional web related logging consider setting the 'logging.level.web' property to 'DEBUG'
2023-11-13 08:37:52.880 INFO  [restartedMain] [o.s.b.w.embedded.tomcat.TomcatWebServer] - Tomcat initialized with port(s): 8085 (http)
2023-11-13 08:37:52.884 INFO  [restartedMain] [o.apache.coyote.http11.Http11NioProtocol] - Initializing ProtocolHandler ["http-nio-8085"]
2023-11-13 08:37:52.885 INFO  [restartedMain] [org.apache.catalina.core.StandardService] - Starting service [Tomcat]
2023-11-13 08:37:52.885 INFO  [restartedMain] [org.apache.catalina.core.StandardEngine] - Starting Servlet engine: [Apache Tomcat/9.0.82]
2023-11-13 08:37:52.919 INFO  [restartedMain] [o.a.c.c.C.[Tomcat].[localhost].[/]] - Initializing Spring embedded WebApplicationContext
2023-11-13 08:37:52.919 INFO  [restartedMain] [o.s.b.w.s.c.ServletWebServerApplicationContext] - Root WebApplicationContext: initialization completed in 596 ms
2023-11-13 08:37:53.165 INFO  [restartedMain] [o.s.s.web.DefaultSecurityFilterChain] - Will secure any request with [org.springframework.security.web.session.DisableEncodeUrlFilter@2f825bcb, org.springframework.security.web.context.request.async.WebAsyncManagerIntegrationFilter@3e7ddcb2, org.springframework.security.web.context.SecurityContextPersistenceFilter@5a9809f9, org.springframework.security.web.header.HeaderWriterFilter@6c4070de, org.springframework.security.web.authentication.logout.LogoutFilter@3f09ee21, org.springframework.security.web.authentication.UsernamePasswordAuthenticationFilter@748a58f6, org.springframework.security.web.savedrequest.RequestCacheAwareFilter@2e7b50e2, org.springframework.security.web.servletapi.SecurityContextHolderAwareRequestFilter@5e0f4b3c, org.springframework.security.web.authentication.AnonymousAuthenticationFilter@1b92cf2c, org.springframework.security.web.session.SessionManagementFilter@6fb9d191, org.springframework.security.web.access.ExceptionTranslationFilter@52e944f5, org.springframework.security.web.access.intercept.FilterSecurityInterceptor@30de178f]
2023-11-13 08:37:53.332 INFO  [restartedMain] [o.s.b.d.a.OptionalLiveReloadServer] - LiveReload server is running on port 35729
2023-11-13 08:37:53.340 INFO  [restartedMain] [o.apache.coyote.http11.Http11NioProtocol] - Starting ProtocolHandler ["http-nio-8085"]
2023-11-13 08:37:53.354 INFO  [restartedMain] [o.s.b.w.embedded.tomcat.TomcatWebServer] - Tomcat started on port(s): 8085 (http) with context path ''
2023-11-13 08:37:53.361 INFO  [restartedMain] [com.shop.ShopApplication] - Started ShopApplication in 1.331 seconds (JVM running for 1.682)
2023-11-13 08:37:59.241 INFO  [http-nio-8085-exec-1] [o.a.c.c.C.[Tomcat].[localhost].[/]] - Initializing Spring DispatcherServlet 'dispatcherServlet'
2023-11-13 08:37:59.241 INFO  [http-nio-8085-exec-1] [o.s.web.servlet.DispatcherServlet] - Initializing Servlet 'dispatcherServlet'
2023-11-13 08:37:59.241 INFO  [http-nio-8085-exec-1] [o.s.web.servlet.DispatcherServlet] - Completed initialization in 0 ms
2023-11-13 08:38:06.148 INFO  [http-nio-8085-exec-8] [com.shop.config.AuthProvider] - ID : admin
2023-11-13 08:38:06.148 INFO  [http-nio-8085-exec-8] [com.shop.config.AuthProvider] - PW : 1234
2023-11-13 08:38:06.160 INFO  [http-nio-8085-exec-8] [com.zaxxer.hikari.HikariDataSource] - HikariPool-1 - Starting...
2023-11-13 08:38:06.231 INFO  [http-nio-8085-exec-8] [com.zaxxer.hikari.HikariDataSource] - HikariPool-1 - Start completed.
2023-11-13 08:38:06.253 INFO  [http-nio-8085-exec-8] [com.shop.config.AuthProvider] - DB user number : 1
2023-11-13 08:38:06.253 INFO  [http-nio-8085-exec-8] [com.shop.config.AuthProvider] - DB user id : admin
2023-11-13 08:38:06.253 INFO  [http-nio-8085-exec-8] [com.shop.config.AuthProvider] - DB user password : $2a$10$PuFFwHKZsTK5JhkBGQDGreyiqXVJV3pe0zZePJcGrysuuly1Yb9Ji
2023-11-13 08:38:06.253 INFO  [http-nio-8085-exec-8] [com.shop.config.AuthProvider] - DB user role : 1
2023-11-13 08:39:34.654 INFO  [SpringApplicationShutdownHook] [com.zaxxer.hikari.HikariDataSource] - HikariPool-1 - Shutdown initiated...
2023-11-13 08:39:34.657 INFO  [SpringApplicationShutdownHook] [com.zaxxer.hikari.HikariDataSource] - HikariPool-1 - Shutdown completed.
2023-11-13 08:39:38.073 INFO  [background-preinit] [o.h.validator.internal.util.Version] - HV000001: Hibernate Validator 6.2.5.Final
2023-11-13 08:39:38.077 INFO  [restartedMain] [com.shop.ShopApplication] - Starting ShopApplication using Java 17.0.7 on FULL8-000 with PID 20456 (D:\kim\pro05\shop\build\classes\java\main started by user in D:\kim\pro05\shop)
2023-11-13 08:39:38.078 INFO  [restartedMain] [com.shop.ShopApplication] - No active profile set, falling back to 1 default profile: "default"
2023-11-13 08:39:38.211 INFO  [restartedMain] [o.s.b.d.e.DevToolsPropertyDefaultsPostProcessor] - Devtools property defaults active! Set 'spring.devtools.add-properties' to 'false' to disable
2023-11-13 08:39:38.211 INFO  [restartedMain] [o.s.b.d.e.DevToolsPropertyDefaultsPostProcessor] - For additional web related logging consider setting the 'logging.level.web' property to 'DEBUG'
2023-11-13 08:39:38.779 INFO  [restartedMain] [o.s.b.w.embedded.tomcat.TomcatWebServer] - Tomcat initialized with port(s): 8085 (http)
2023-11-13 08:39:38.784 INFO  [restartedMain] [o.apache.coyote.http11.Http11NioProtocol] - Initializing ProtocolHandler ["http-nio-8085"]
2023-11-13 08:39:38.784 INFO  [restartedMain] [org.apache.catalina.core.StandardService] - Starting service [Tomcat]
2023-11-13 08:39:38.785 INFO  [restartedMain] [org.apache.catalina.core.StandardEngine] - Starting Servlet engine: [Apache Tomcat/9.0.82]
2023-11-13 08:39:38.819 INFO  [restartedMain] [o.a.c.c.C.[Tomcat].[localhost].[/]] - Initializing Spring embedded WebApplicationContext
2023-11-13 08:39:38.819 INFO  [restartedMain] [o.s.b.w.s.c.ServletWebServerApplicationContext] - Root WebApplicationContext: initialization completed in 607 ms
2023-11-13 08:39:39.065 INFO  [restartedMain] [o.s.s.web.DefaultSecurityFilterChain] - Will secure any request with [org.springframework.security.web.session.DisableEncodeUrlFilter@55b16517, org.springframework.security.web.context.request.async.WebAsyncManagerIntegrationFilter@7c3f8bb3, org.springframework.security.web.context.SecurityContextPersistenceFilter@69f56edf, org.springframework.security.web.header.HeaderWriterFilter@29ca6ec6, org.springframework.security.web.authentication.logout.LogoutFilter@ed23d0b, org.springframework.security.web.authentication.UsernamePasswordAuthenticationFilter@51f99cee, org.springframework.security.web.savedrequest.RequestCacheAwareFilter@55708e6f, org.springframework.security.web.servletapi.SecurityContextHolderAwareRequestFilter@40d123fb, org.springframework.security.web.authentication.AnonymousAuthenticationFilter@61c6ed46, org.springframework.security.web.session.SessionManagementFilter@bbdfc76, org.springframework.security.web.access.ExceptionTranslationFilter@35cfc48b, org.springframework.security.web.access.intercept.FilterSecurityInterceptor@5653b10e]
2023-11-13 08:39:39.232 INFO  [restartedMain] [o.s.b.d.a.OptionalLiveReloadServer] - LiveReload server is running on port 35729
2023-11-13 08:39:39.240 INFO  [restartedMain] [o.apache.coyote.http11.Http11NioProtocol] - Starting ProtocolHandler ["http-nio-8085"]
2023-11-13 08:39:39.250 INFO  [restartedMain] [o.s.b.w.embedded.tomcat.TomcatWebServer] - Tomcat started on port(s): 8085 (http) with context path ''
2023-11-13 08:39:39.257 INFO  [restartedMain] [com.shop.ShopApplication] - Started ShopApplication in 1.35 seconds (JVM running for 1.701)
2023-11-13 08:39:43.979 INFO  [http-nio-8085-exec-1] [o.a.c.c.C.[Tomcat].[localhost].[/]] - Initializing Spring DispatcherServlet 'dispatcherServlet'
2023-11-13 08:39:43.979 INFO  [http-nio-8085-exec-1] [o.s.web.servlet.DispatcherServlet] - Initializing Servlet 'dispatcherServlet'
2023-11-13 08:39:43.979 INFO  [http-nio-8085-exec-1] [o.s.web.servlet.DispatcherServlet] - Completed initialization in 0 ms
2023-11-13 08:39:51.789 INFO  [http-nio-8085-exec-8] [com.shop.config.AuthProvider] - ID : admin
2023-11-13 08:39:51.789 INFO  [http-nio-8085-exec-8] [com.shop.config.AuthProvider] - PW : 1234
2023-11-13 08:39:51.809 INFO  [http-nio-8085-exec-8] [com.zaxxer.hikari.HikariDataSource] - HikariPool-1 - Starting...
2023-11-13 08:39:51.865 INFO  [http-nio-8085-exec-8] [com.zaxxer.hikari.HikariDataSource] - HikariPool-1 - Start completed.
2023-11-13 08:39:51.880 INFO  [http-nio-8085-exec-8] [com.shop.config.AuthProvider] - DB user number : 1
2023-11-13 08:39:51.880 INFO  [http-nio-8085-exec-8] [com.shop.config.AuthProvider] - DB user id : admin
2023-11-13 08:39:51.880 INFO  [http-nio-8085-exec-8] [com.shop.config.AuthProvider] - DB user password : $2a$10$PuFFwHKZsTK5JhkBGQDGreyiqXVJV3pe0zZePJcGrysuuly1Yb9Ji
2023-11-13 08:39:51.880 INFO  [http-nio-8085-exec-8] [com.shop.config.AuthProvider] - DB user role : 1
2023-11-13 08:54:39.433 INFO  [SpringApplicationShutdownHook] [com.zaxxer.hikari.HikariDataSource] - HikariPool-1 - Shutdown initiated...
2023-11-13 08:54:39.436 INFO  [SpringApplicationShutdownHook] [com.zaxxer.hikari.HikariDataSource] - HikariPool-1 - Shutdown completed.
